<?xml version="1.0" encoding="UTF-8"?>
<!-- Generated by org.testng.reporters.JUnitReportReporter -->
<testsuite hostname="DESKTOP-3DSB115" failures="0" tests="1" name="p.sdcvv" time="5.036" errors="0" timestamp="2023-07-03T00:16:00 PDT" skipped="0">
  <testcase classname="p.sdcvv" name="f" time="5.036">
    <system-out>
      <![CDATA[Test f execution started..
This f method completed successfully]]>
    </system-out>
  </testcase> <!-- f -->
  <system-out>
    <![CDATA[Test f execution started..
This f method completed successfully]]>
  </system-out>
</testsuite> <!-- p.sdcvv -->
