<?xml version="1.0" encoding="UTF-8"?>
<!-- Generated by org.testng.reporters.JUnitReportReporter -->
<testsuite hostname="DESKTOP-3DSB115" failures="0" tests="1" name="p.Validatingusername1" time="21.432" errors="0" timestamp="2023-07-03T01:06:59 PDT" skipped="0">
  <testcase classname="p.Validatingusername1" name="validateUserName" time="21.432">
    <system-out>
      <![CDATA[Test validateUserName execution started..
waiting for 4000 milli sec
getting actual userName
waiting for 2000 milli sec
readind data UN from propertyFile
taking screenshot
screenShot location is ... C:\Users\hp\eclipse-workspace\piu\screenshotSwapnali Salunke PB_TC_1234.png
This validateUserName method completed successfully]]>
    </system-out>
  </testcase> <!-- validateUserName -->
  <system-out>
    <![CDATA[waiting for 300 milli sec
readind data url from propertyFile
Launching browser
waiting for 1000 milli sec
clicking on home page signInButton
waiting for 1000 milli sec
readind data mobNum from propertyFile
entering mobile number
waiting for 1000 milli sec
clicking on signInWithPassword
waiting for 1000 milli sec
readind data pwd from propertyFile
entring password
waiting for 1000 milli sec
clicking on signInButton
waiting for 1000 milli sec
clicking on myAccount Button
waiting for 1000 milli sec
clicking on myProfile Button
waiting for 1000 milli sec
switching to child page
waiting for 200 milli sec
Test validateUserName execution started..
waiting for 4000 milli sec
getting actual userName
waiting for 2000 milli sec
readind data UN from propertyFile
taking screenshot
screenShot location is ... C:\Users\hp\eclipse-workspace\piu\screenshotSwapnali Salunke PB_TC_1234.png
This validateUserName method completed successfully
logging out...
waiting for 2000 milli sec
Closing Browser]]>
  </system-out>
</testsuite> <!-- p.Validatingusername1 -->
